c:\users\princ\onedrive\escritorio\nueva carpeta\tetris-c-raylib-\tetris - c++ & raylib\x64\debug\vc145.pdb
c:\users\princ\onedrive\escritorio\nueva carpeta\tetris-c-raylib-\tetris - c++ & raylib\x64\debug\vc145.idb
c:\users\princ\onedrive\escritorio\nueva carpeta\tetris-c-raylib-\tetris - c++ & raylib\x64\debug\score.obj
c:\users\princ\onedrive\escritorio\nueva carpeta\tetris-c-raylib-\tetris - c++ & raylib\x64\debug\position.obj
c:\users\princ\onedrive\escritorio\nueva carpeta\tetris-c-raylib-\tetris - c++ & raylib\x64\debug\main.obj
c:\users\princ\onedrive\escritorio\nueva carpeta\tetris-c-raylib-\tetris - c++ & raylib\x64\debug\level.obj
c:\users\princ\onedrive\escritorio\nueva carpeta\tetris-c-raylib-\tetris - c++ & raylib\x64\debug\grid.obj
c:\users\princ\onedrive\escritorio\nueva carpeta\tetris-c-raylib-\tetris - c++ & raylib\x64\debug\game.obj
c:\users\princ\onedrive\escritorio\nueva carpeta\tetris-c-raylib-\tetris - c++ & raylib\x64\debug\colors.obj
c:\users\princ\onedrive\escritorio\nueva carpeta\tetris-c-raylib-\tetris - c++ & raylib\x64\debug\blocks.obj
c:\users\princ\onedrive\escritorio\nueva carpeta\tetris-c-raylib-\tetris - c++ & raylib\x64\debug\block.obj
c:\users\princ\onedrive\escritorio\nueva carpeta\tetris-c-raylib-\x64\debug\tetris - c++ & raylib.pdb
c:\users\princ\onedrive\escritorio\nueva carpeta\tetris-c-raylib-\tetris - c++ & raylib\x64\debug\tetris -.86fff040.tlog\cl.command.1.tlog
c:\users\princ\onedrive\escritorio\nueva carpeta\tetris-c-raylib-\tetris - c++ & raylib\x64\debug\tetris -.86fff040.tlog\cl.read.1.tlog
c:\users\princ\onedrive\escritorio\nueva carpeta\tetris-c-raylib-\tetris - c++ & raylib\x64\debug\tetris -.86fff040.tlog\cl.write.1.tlog
c:\users\princ\onedrive\escritorio\nueva carpeta\tetris-c-raylib-\tetris - c++ & raylib\x64\debug\tetris -.86fff040.tlog\link-cvtres.read.1.tlog
c:\users\princ\onedrive\escritorio\nueva carpeta\tetris-c-raylib-\tetris - c++ & raylib\x64\debug\tetris -.86fff040.tlog\link-cvtres.write.1.tlog
c:\users\princ\onedrive\escritorio\nueva carpeta\tetris-c-raylib-\tetris - c++ & raylib\x64\debug\tetris -.86fff040.tlog\link-rc.read.1.tlog
c:\users\princ\onedrive\escritorio\nueva carpeta\tetris-c-raylib-\tetris - c++ & raylib\x64\debug\tetris -.86fff040.tlog\link-rc.write.1.tlog
c:\users\princ\onedrive\escritorio\nueva carpeta\tetris-c-raylib-\tetris - c++ & raylib\x64\debug\tetris -.86fff040.tlog\link.command.1.tlog
c:\users\princ\onedrive\escritorio\nueva carpeta\tetris-c-raylib-\tetris - c++ & raylib\x64\debug\tetris -.86fff040.tlog\link.read.1.tlog
c:\users\princ\onedrive\escritorio\nueva carpeta\tetris-c-raylib-\tetris - c++ & raylib\x64\debug\tetris -.86fff040.tlog\link.read.2.tlog
c:\users\princ\onedrive\escritorio\nueva carpeta\tetris-c-raylib-\tetris - c++ & raylib\x64\debug\tetris -.86fff040.tlog\link.write.1.tlog
